
ROM used:   1177/8192 (14%)
            1177/8192 (14%) including unused fragments

            1.0 Average locations per line
            10.7 Average locations per statement

RAM used:   16/368 (4%) at main() level
            38/368 (10%) worst case

Stack used: 0 worst case (0 in main + 0 for interrupts)
Stack size: 8

Lines Stmts  %   Files
----- ----- ---  -----
   57    26  24  main.c
  661     0   0  ..\..\..\..\Program Files (x86)\PICC\Devices\16f877a.h
  456    84  76  ..\..\..\..\Program Files (x86)\PICC\Drivers\lcd.c
----- -----
 1174   110 Total

Page ROM  %  RAM   Vol Diff  Functions:
---- --- --- ---   --- ----  ----------
0     21   2    1             @delay_ms1
0      8   1    0             @const629
 Inline         3   596  5.9  lcd_read_byte
0      6   1    0    59  4.2  lcd_read_nibble
0     12   1    1   179  3.3  lcd_send_nibble
0     64   5    3   460  4.7  lcd_send_byte
0     51   4    2   667  5.9  lcd_init
0     18   2    4   208  6.3  lcd_gotoxy
0     44   4    1   354  4.7  lcd_putc
0    213  18    4   745  3.3  MAIN
0     12   1    0             @const665
0     77   7    4             @PSTRINGC7_647
0     31   3    2             @ITOF
0    117  10   13             @MULFF
 Inline         5             @FTOSD
0     79   7   13             @DIV3232
0    226  19   13             @PRINTF_L32D_647FPFPF
0      7   1    0             @const681
0     86   7    5             @PSTRINGCN7_647
0    101   9    9             @PRINTF_LU_647
 Inline         0             @cinit1

Program metrics:
    Functions               8
    Statements              110
    Comments                221
    Volume (V)              4954
    Difficulty (D)          35.1
    Effort to implement (E) 173972
    Time to implement (T)   2 hours, 41 minutes
    Est Delivered Bugs (B)  1
    Cyclomatic Complexity   8
    Maintainability (MI)    143

 Segment     Used  Free
-----------  ----  ----
00000-00003     4  0  
00004-007FF  1173  871  
00800-00FFF     0  2048  
01000-017FF     0  2048  
01800-01FFF     0  2048  



