
ROM used:   99/8192 (1%)
            99/8192 (1%) including unused fragments

            0.1 Average locations per line
            9.0 Average locations per statement

RAM used:   16/368 (4%) at main() level
            19/368 (5%) worst case

Stack used: 0 worst case (0 in main + 0 for interrupts)
Stack size: 8

Lines Stmts  %   Files
----- ----- ---  -----
   24    11 100  main.c
   10     0   0  main.h
  661     0   0  ..\..\..\..\Program Files (x86)\PICC\Devices\16F877A.h
----- -----
  695    11 Total

Page ROM  %  RAM   Vol Diff  Functions:
---- --- --- ---   --- ----  ----------
0     23  23    1             @delay_ms2
0     72  73    1   257  4.3  main
 Inline         0             @cinit1

Program metrics:
    Functions               1
    Statements              11
    Comments                110
    Volume (V)              262
    Difficulty (D)          4.0
    Effort to implement (E) 1041
    Time to implement (T)   1 minutes
    Est Delivered Bugs (B)  0
    Cyclomatic Complexity   1
    Maintainability (MI)    77

 Segment     Used  Free
-----------  ----  ----
00000-00003     4  0  
00004-007FF    95  1949  
00800-00FFF     0  2048  
01000-017FF     0  2048  
01800-01FFF     0  2048  



